<?xml version="1.0" encoding="UTF-8"?>
<!-- Generated by org.testng.reporters.JUnitReportReporter -->
<testsuite hostname="INLEN8520024264" failures="0" tests="1" name="Test.Verifygetmethod" time="2.986" errors="0" timestamp="2022-06-17T09:30:12 IST" skipped="0">
  <testcase classname="Test.Verifygetmethod" name="TestGetMethod" time="2.986"/>
</testsuite> <!-- Test.Verifygetmethod -->
