<?xml version="1.0" encoding="UTF-8"?>
<!-- Generated by org.testng.reporters.JUnitReportReporter -->
<testsuite hostname="INLEN8520024264" failures="0" tests="1" name="Test.VerifyPatchmethod" time="2.620" errors="0" timestamp="2022-06-09T13:23:41 IST" skipped="0">
  <testcase classname="Test.VerifyPatchmethod" name="TestPatch" time="2.620"/>
</testsuite> <!-- Test.VerifyPatchmethod -->
