<?xml version="1.0" encoding="UTF-8"?>
<!-- Generated by org.testng.reporters.JUnitReportReporter -->
<testsuite hostname="INLEN8520024264" failures="0" tests="5" name="Test.VerifySUsers" time="6.617" errors="0" timestamp="2022-06-14T12:38:02 IST" skipped="0">
  <testcase classname="Test.VerifySUsers" name="delete1" time="2.351"/>
  <testcase classname="Test.VerifySUsers" name="get1" time="1.076"/>
  <testcase classname="Test.VerifySUsers" name="Post1" time="1.060"/>
  <testcase classname="Test.VerifySUsers" name="Put" time="1.069"/>
  <testcase classname="Test.VerifySUsers" name="Patch" time="1.061"/>
</testsuite> <!-- Test.VerifySUsers -->
