<?xml version="1.0" encoding="UTF-8"?>
<!-- Generated by org.testng.reporters.JUnitReportReporter -->
<testsuite hostname="INLEN8520024264" failures="0" tests="5" name="Test.VerifySwagger" time="6.547" errors="0" timestamp="2022-06-13T14:40:15 IST" skipped="0">
  <testcase classname="Test.VerifySwagger" name="delete" time="2.338"/>
  <testcase classname="Test.VerifySwagger" name="Put" time="1.093"/>
  <testcase classname="Test.VerifySwagger" name="Post" time="1.040"/>
  <testcase classname="Test.VerifySwagger" name="get" time="1.027"/>
  <testcase classname="Test.VerifySwagger" name="Patch" time="1.049"/>
</testsuite> <!-- Test.VerifySwagger -->
