<?xml version="1.0" encoding="UTF-8"?>
<!-- Generated by org.testng.reporters.JUnitReportReporter -->
<testsuite hostname="INLEN8520024264" failures="0" tests="1" name="Test.VerifyDeletemethod" time="0.010" errors="0" timestamp="2022-06-09T13:21:30 IST" skipped="0">
  <testcase classname="Test.VerifyDeletemethod" name="Testdeletemethod" time="0.010"/>
</testsuite> <!-- Test.VerifyDeletemethod -->
