<?xml version="1.0" encoding="UTF-8"?>
<!-- Generated by org.testng.reporters.JUnitReportReporter -->
<testsuite hostname="INLEN8520024264" failures="0" tests="1" name="Test.VerifySwaggerPost" time="1.059" errors="0" timestamp="2022-06-09T13:19:33 IST" skipped="0">
  <testcase classname="Test.VerifySwaggerPost" name="TestSPost" time="1.059"/>
</testsuite> <!-- Test.VerifySwaggerPost -->
