<?xml version="1.0" encoding="UTF-8"?>
<!-- Generated by org.testng.reporters.JUnitReportReporter -->
<testsuite hostname="INLEN8520024264" failures="0" tests="1" name="Test.VerifyPostMethod" time="1.357" errors="0" timestamp="2022-06-09T13:19:33 IST" skipped="0">
  <testcase classname="Test.VerifyPostMethod" name="TestPostmethod" time="1.357"/>
</testsuite> <!-- Test.VerifyPostMethod -->
